{
  "0 debug pnpm:scope": {
    "selected": 1
  },
  "1 debug pnpm:package-manifest": {
    "initial": {
      "name": "react-hook-form-render",
      "version": "0.1.0",
      "description": "",
      "main": "index.ts",
      "scripts": {
        "dev": "vite"
      },
      "author": "",
      "license": "ISC",
      "dependencies": {
        "react": "^17.0.2",
        "react-dom": "^17.0.2"
      },
      "devDependencies": {
        "@types/react": "^17.0.38",
        "@types/react-dom": "^17.0.11",
        "@vitejs/plugin-react-refresh": "^1.3.6",
        "typescript": "^4.5.5",
        "vite": "^2.7.13"
      }
    },
    "prefix": "/Users/shiqi/Desktop/study/react-hook-form-render/app"
  },
  "2 debug pnpm:context": {
    "currentLockfileExists": false,
    "storeDir": "/Users/shiqi/.pnpm-store/v3",
    "virtualStoreDir": "/Users/shiqi/Desktop/study/react-hook-form-render/app/node_modules/.pnpm"
  },
  "3 error pnpm": {
    "code": "ERR_PNPM_NO_IMPORTER_MANIFEST_FOUND",
    "err": {
      "name": "pnpm",
      "message": "No package.json (or package.yaml, or package.json5) was found in \"/Users/shiqi/Desktop/study/react-hook-form-render/app/node_modules/react-hook-form-render\".",
      "code": "ERR_PNPM_NO_IMPORTER_MANIFEST_FOUND",
      "stack": "pnpm: No package.json (or package.yaml, or package.json5) was found in \"/Users/shiqi/Desktop/study/react-hook-form-render/app/node_modules/react-hook-form-render\".\n    at Object.readProjectManifest [as default] (/usr/local/lib/node_modules/pnpm/dist/pnpm.cjs:40641:13)\n    at async Object.link (/usr/local/lib/node_modules/pnpm/dist/pnpm.cjs:92968:30)\n    at async Object.handler (/usr/local/lib/node_modules/pnpm/dist/pnpm.cjs:124934:27)\n    at async /usr/local/lib/node_modules/pnpm/dist/pnpm.cjs:133951:20\n    at async run (/usr/local/lib/node_modules/pnpm/dist/pnpm.cjs:133926:34)\n    at async runPnpm (/usr/local/lib/node_modules/pnpm/dist/pnpm.cjs:134137:5)\n    at async /usr/local/lib/node_modules/pnpm/dist/pnpm.cjs:134129:7"
    }
  }
}